<?xml version="1.0" encoding="UTF-8"?>
<robot generator="Robot 6.0.2 (Python 3.11.3 on win32)" generated="20230517 15:55:58.567" rpa="false" schemaversion="3">
<suite id="s1" name="Form" source="C:\Users\Usuári\Documents\Preenchendo-formularios\form.robot">
<test id="s1-t1" name="Cenário 1: Preencher formulário" line="31">
<kw name="abrir navegador e acessar o site">
<kw name="Open Browser" library="SeleniumLibrary">
<arg>https://itera-qa.azurewebsites.net/home/automation</arg>
<arg>chrome</arg>
<doc>Opens a new browser instance to the optional ``url``.</doc>
<msg timestamp="20230517 15:55:59.376" level="INFO">Opening browser 'chrome' to base url 'https://itera-qa.azurewebsites.net/home/automation'.</msg>
<status status="PASS" starttime="20230517 15:55:59.375" endtime="20230517 15:56:06.170"/>
</kw>
<status status="PASS" starttime="20230517 15:55:59.373" endtime="20230517 15:56:06.171"/>
</kw>
<kw name="preencher campos">
<kw name="Input Text" library="SeleniumLibrary">
<arg>${input_name}</arg>
<arg>Matheus</arg>
<doc>Types the given ``text`` into the text field identified by ``locator``.</doc>
<msg timestamp="20230517 15:56:06.179" level="INFO">Typing text 'Matheus' into text field 'id:name'.</msg>
<status status="PASS" starttime="20230517 15:56:06.176" endtime="20230517 15:56:06.603"/>
</kw>
<kw name="Input Text" library="SeleniumLibrary">
<arg>${input_phone}</arg>
<arg>222222222</arg>
<doc>Types the given ``text`` into the text field identified by ``locator``.</doc>
<msg timestamp="20230517 15:56:06.607" level="INFO">Typing text '222222222' into text field 'id:phone'.</msg>
<status status="PASS" starttime="20230517 15:56:06.604" endtime="20230517 15:56:06.919"/>
</kw>
<kw name="Input Text" library="SeleniumLibrary">
<arg>${input_email}</arg>
<arg>teste@teste.com</arg>
<doc>Types the given ``text`` into the text field identified by ``locator``.</doc>
<msg timestamp="20230517 15:56:06.922" level="INFO">Typing text 'teste@teste.com' into text field 'id:email'.</msg>
<status status="PASS" starttime="20230517 15:56:06.919" endtime="20230517 15:56:07.239"/>
</kw>
<kw name="Input Text" library="SeleniumLibrary">
<arg>${input_password}</arg>
<arg>123456789</arg>
<doc>Types the given ``text`` into the text field identified by ``locator``.</doc>
<msg timestamp="20230517 15:56:07.242" level="INFO">Typing text '123456789' into text field 'id:password'.</msg>
<status status="PASS" starttime="20230517 15:56:07.240" endtime="20230517 15:56:07.539"/>
</kw>
<kw name="Input Text" library="SeleniumLibrary">
<arg>${textarea_address}</arg>
<arg>testando testando testando</arg>
<doc>Types the given ``text`` into the text field identified by ``locator``.</doc>
<msg timestamp="20230517 15:56:07.543" level="INFO">Typing text 'testando testando testando' into text field 'id:address'.</msg>
<status status="PASS" starttime="20230517 15:56:07.540" endtime="20230517 15:56:07.875"/>
</kw>
<status status="PASS" starttime="20230517 15:56:06.174" endtime="20230517 15:56:07.875"/>
</kw>
<kw name="clicar em submit">
<kw name="Click Element" library="SeleniumLibrary">
<arg>${button_submit}</arg>
<doc>Click the element identified by ``locator``.</doc>
<msg timestamp="20230517 15:56:07.882" level="INFO">Clicking element 'name:submit'.</msg>
<status status="PASS" starttime="20230517 15:56:07.880" endtime="20230517 15:56:08.056"/>
</kw>
<status status="PASS" starttime="20230517 15:56:07.878" endtime="20230517 15:56:08.057"/>
</kw>
<kw name="fechar navegador">
<kw name="Close Browser" library="SeleniumLibrary">
<doc>Closes the current browser.</doc>
<status status="PASS" starttime="20230517 15:56:08.059" endtime="20230517 15:56:10.646"/>
</kw>
<status status="PASS" starttime="20230517 15:56:08.058" endtime="20230517 15:56:10.647"/>
</kw>
<status status="PASS" starttime="20230517 15:55:59.370" endtime="20230517 15:56:10.648"/>
</test>
<status status="PASS" starttime="20230517 15:55:58.573" endtime="20230517 15:56:10.654"/>
</suite>
<statistics>
<total>
<stat pass="1" fail="0" skip="0">All Tests</stat>
</total>
<tag>
</tag>
<suite>
<stat pass="1" fail="0" skip="0" id="s1" name="Form">Form</stat>
</suite>
</statistics>
<errors>
</errors>
</robot>
