<?xml version="1.0" encoding="UTF-8"?>
<robot generator="Robot 6.0.2 (Python 3.11.3 on win32)" generated="20230517 15:47:28.375" rpa="false" schemaversion="3">
<suite id="s1" name="Teste" source="C:\Users\Usuári\Documents\robot-teste\teste.robot">
<test id="s1-t1" name="Cenário 1: Preencher formulário" line="31">
<kw name="abrir navegador e acessar o site">
<kw name="Open Browser" library="SeleniumLibrary">
<arg>https://itera-qa.azurewebsites.net/home/automation</arg>
<arg>chrome</arg>
<doc>Opens a new browser instance to the optional ``url``.</doc>
<msg timestamp="20230517 15:47:29.322" level="INFO">Opening browser 'chrome' to base url 'https://itera-qa.azurewebsites.net/home/automation'.</msg>
<status status="PASS" starttime="20230517 15:47:29.321" endtime="20230517 15:47:34.721"/>
</kw>
<status status="PASS" starttime="20230517 15:47:29.320" endtime="20230517 15:47:34.721"/>
</kw>
<kw name="preencher campos">
<kw name="Input Text" library="SeleniumLibrary">
<arg>${input_name}</arg>
<arg>Matheus</arg>
<doc>Types the given ``text`` into the text field identified by ``locator``.</doc>
<msg timestamp="20230517 15:47:34.728" level="INFO">Typing text 'Matheus' into text field 'id:name'.</msg>
<status status="PASS" starttime="20230517 15:47:34.724" endtime="20230517 15:47:35.113"/>
</kw>
<kw name="Input Text" library="SeleniumLibrary">
<arg>${input_phone}</arg>
<arg>222222222</arg>
<doc>Types the given ``text`` into the text field identified by ``locator``.</doc>
<msg timestamp="20230517 15:47:35.115" level="INFO">Typing text '222222222' into text field 'id:phone'.</msg>
<status status="PASS" starttime="20230517 15:47:35.114" endtime="20230517 15:47:35.422"/>
</kw>
<kw name="Input Text" library="SeleniumLibrary">
<arg>${input_email}</arg>
<arg>teste@teste.com</arg>
<doc>Types the given ``text`` into the text field identified by ``locator``.</doc>
<msg timestamp="20230517 15:47:35.424" level="INFO">Typing text 'teste@teste.com' into text field 'id:email'.</msg>
<status status="PASS" starttime="20230517 15:47:35.422" endtime="20230517 15:47:35.747"/>
</kw>
<kw name="Input Text" library="SeleniumLibrary">
<arg>${input_password}</arg>
<arg>123456789</arg>
<doc>Types the given ``text`` into the text field identified by ``locator``.</doc>
<msg timestamp="20230517 15:47:35.750" level="INFO">Typing text '123456789' into text field 'id:password'.</msg>
<status status="PASS" starttime="20230517 15:47:35.747" endtime="20230517 15:47:36.046"/>
</kw>
<kw name="Input Text" library="SeleniumLibrary">
<arg>${textarea_address}</arg>
<arg>testando testando testando</arg>
<doc>Types the given ``text`` into the text field identified by ``locator``.</doc>
<msg timestamp="20230517 15:47:36.049" level="INFO">Typing text 'testando testando testando' into text field 'id:address'.</msg>
<status status="PASS" starttime="20230517 15:47:36.047" endtime="20230517 15:47:36.378"/>
</kw>
<status status="PASS" starttime="20230517 15:47:34.723" endtime="20230517 15:47:36.379"/>
</kw>
<kw name="clicar em submit">
<kw name="Click Element" library="SeleniumLibrary">
<arg>${button_submit}</arg>
<doc>Click the element identified by ``locator``.</doc>
<msg timestamp="20230517 15:47:36.384" level="INFO">Clicking element 'name:submit'.</msg>
<status status="PASS" starttime="20230517 15:47:36.382" endtime="20230517 15:47:36.548"/>
</kw>
<status status="PASS" starttime="20230517 15:47:36.380" endtime="20230517 15:47:36.549"/>
</kw>
<kw name="fechar navegador">
<kw name="Close Browser" library="SeleniumLibrary">
<doc>Closes the current browser.</doc>
<status status="PASS" starttime="20230517 15:47:36.552" endtime="20230517 15:47:39.040"/>
</kw>
<status status="PASS" starttime="20230517 15:47:36.550" endtime="20230517 15:47:39.041"/>
</kw>
<status status="PASS" starttime="20230517 15:47:29.317" endtime="20230517 15:47:39.043"/>
</test>
<status status="PASS" starttime="20230517 15:47:28.383" endtime="20230517 15:47:39.047"/>
</suite>
<statistics>
<total>
<stat pass="1" fail="0" skip="0">All Tests</stat>
</total>
<tag>
</tag>
<suite>
<stat pass="1" fail="0" skip="0" id="s1" name="Teste">Teste</stat>
</suite>
</statistics>
<errors>
</errors>
</robot>
